2025-10-27T14:16:22.125+05:30  INFO 11012 --- [Demo] [main] w.s.c.ServletWebServerApplicationContext : Root WebApplicationContext: initialization completed in 1528 ms
2025-10-27T14:16:22.746+05:30  INFO 11012 --- [Demo] [main] o.s.b.w.embedded.tomcat.TomcatWebServer  : Tomcat started on port 8080 (http) with context path '/'
2025-10-27T14:16:22.759+05:30  INFO 11012 --- [Demo] [main] org.springbootexample.Demo               : Started Demo in 3.094 seconds (process running for 3.633)
2025-10-27T14:16:22.768+05:30  INFO 11012 --- [Demo] [main] org.springbootexample.Demo               : Found owner with ownerId 10
2025-10-27T14:16:25.480+05:30 ERROR 11012 --- [Demo] [main] org.springbootexample.Demo               : Can't find owner with ownerId 13

org.springbootexample.exception.OwnerNotFoundException: Can't find owner with ownerId 13
	at org.springbootexample.repository.imp.OwnerRepositoryImp.findOwner(OwnerRepositoryImp.java:18) ~[classes/:na]
	at org.springbootexample.service.imp.OwnerServiceImp.findOwner(OwnerServiceImp.java:23) ~[classes/:na]
	at org.springbootexample.Demo.run(Demo.java:29) ~[classes/:na]
	at org.springframework.boot.SpringApplication.lambda$callRunner$5(SpringApplication.java:788) ~[spring-boot-3.5.7.jar:3.5.7]
	at org.springframework.util.function.ThrowingConsumer$1.acceptWithException(ThrowingConsumer.java:82) ~[spring-core-6.2.12.jar:6.2.12]
	at org.springframework.util.function.ThrowingConsumer.accept(ThrowingConsumer.java:60) ~[spring-core-6.2.12.jar:6.2.12]
	at org.springframework.util.function.ThrowingConsumer$1.accept(ThrowingConsumer.java:86) ~[spring-core-6.2.12.jar:6.2.12]
	at org.springframework.boot.SpringApplication.callRunner(SpringApplication.java:796) ~[spring-boot-3.5.7.jar:3.5.7]
	at org.springframework.boot.SpringApplication.callRunner(SpringApplication.java:787) ~[spring-boot-3.5.7.jar:3.5.7]
	at org.springframework.boot.SpringApplication.lambda$callRunners$3(SpringApplication.java:772) ~[spring-boot-3.5.7.jar:3.5.7]
	at java.base/java.util.stream.ForEachOps$ForEachOp$OfRef.accept(ForEachOps.java:184) ~[na:na]
	at java.base/java.util.stream.SortedOps$SizedRefSortingSink.end(SortedOps.java:357) ~[na:na]
	at java.base/java.util.stream.AbstractPipeline.copyInto(AbstractPipeline.java:571) ~[na:na]
	at java.base/java.util.stream.AbstractPipeline.wrapAndCopyInto(AbstractPipeline.java:560) ~[na:na]
	at java.base/java.util.stream.ForEachOps$ForEachOp.evaluateSequential(ForEachOps.java:151) ~[na:na]
	at java.base/java.util.stream.ForEachOps$ForEachOp$OfRef.evaluateSequential(ForEachOps.java:174) ~[na:na]
	at java.base/java.util.stream.AbstractPipeline.evaluate(AbstractPipeline.java:265) ~[na:na]
	at java.base/java.util.stream.ReferencePipeline.forEach(ReferencePipeline.java:636) ~[na:na]
	at org.springframework.boot.SpringApplication.callRunners(SpringApplication.java:772) ~[spring-boot-3.5.7.jar:3.5.7]
	at org.springframework.boot.SpringApplication.run(SpringApplication.java:325) ~[spring-boot-3.5.7.jar:3.5.7]
	at org.springframework.boot.SpringApplication.run(SpringApplication.java:1361) ~[spring-boot-3.5.7.jar:3.5.7]
	at org.springframework.boot.SpringApplication.run(SpringApplication.java:1350) ~[spring-boot-3.5.7.jar:3.5.7]
	at org.springbootexample.Demo.main(Demo.java:19) ~[classes/:na]

